2024-06-08T22:22:17.896Z  INFO 1 --- [user-fusion-backend] [main] u.i.u.UserFusionBackendApplication       : Starting UserFusionBackendApplication v0.0.1-SNAPSHOT using Java 17.0.11 with PID 1 (/BOOT-INF/classes started by root in /)
2024-06-08T22:22:17.901Z  INFO 1 --- [user-fusion-backend] [main] u.i.u.UserFusionBackendApplication       : No active profile set, falling back to 1 default profile: "default"
2024-06-08T22:22:17.954Z  INFO 1 --- [user-fusion-backend] [main] o.s.c.c.c.ConfigServerConfigDataLoader   : Fetching config from server at : http://uf-config:80
2024-06-08T22:22:17.955Z  INFO 1 --- [user-fusion-backend] [main] o.s.c.c.c.ConfigServerConfigDataLoader   : Located environment: name=user-fusion-backend, profiles=[default], label=null, version=null, state=null
2024-06-08T22:22:19.071Z  INFO 1 --- [user-fusion-backend] [main] o.s.cloud.context.scope.GenericScope     : BeanFactory id=a49b626f-c072-39fb-99ef-662328d523ad
2024-06-08T22:22:19.498Z  INFO 1 --- [user-fusion-backend] [main] o.s.b.w.embedded.tomcat.TomcatWebServer  : Tomcat initialized with port 80 (http)
2024-06-08T22:22:19.518Z  INFO 1 --- [user-fusion-backend] [main] o.apache.catalina.core.StandardService   : Starting service [Tomcat]
2024-06-08T22:22:19.519Z  INFO 1 --- [user-fusion-backend] [main] o.apache.catalina.core.StandardEngine    : Starting Servlet engine: [Apache Tomcat/10.1.24]
2024-06-08T22:22:19.587Z  INFO 1 --- [user-fusion-backend] [main] o.a.c.c.C.[Tomcat].[localhost].[/]       : Initializing Spring embedded WebApplicationContext
2024-06-08T22:22:19.588Z  INFO 1 --- [user-fusion-backend] [main] w.s.c.ServletWebServerApplicationContext : Root WebApplicationContext: initialization completed in 1630 ms
2024-06-08T22:22:20.363Z  INFO 1 --- [user-fusion-backend] [main] o.s.b.w.embedded.tomcat.TomcatWebServer  : Tomcat started on port 80 (http) with context path '/'
2024-06-08T22:22:20.392Z  INFO 1 --- [user-fusion-backend] [main] u.i.u.UserFusionBackendApplication       : Started UserFusionBackendApplication in 3.835 seconds (process running for 4.378)
2024-06-08T22:23:01.000Z  INFO 1 --- [user-fusion-backend] [http-nio-0.0.0.0-80-exec-1] o.a.c.c.C.[Tomcat].[localhost].[/]       : Initializing Spring DispatcherServlet 'dispatcherServlet'
2024-06-08T22:23:01.001Z  INFO 1 --- [user-fusion-backend] [http-nio-0.0.0.0-80-exec-1] o.s.web.servlet.DispatcherServlet        : Initializing Servlet 'dispatcherServlet'
2024-06-08T22:23:01.005Z  INFO 1 --- [user-fusion-backend] [http-nio-0.0.0.0-80-exec-1] o.s.web.servlet.DispatcherServlet        : Completed initialization in 3 ms
2024-06-08T22:23:01.047Z  INFO 1 --- [user-fusion-backend] [http-nio-0.0.0.0-80-exec-1] com.zaxxer.hikari.HikariDataSource       : HikariPool-1 - Starting...
2024-06-08T22:23:01.467Z  INFO 1 --- [user-fusion-backend] [http-nio-0.0.0.0-80-exec-1] com.zaxxer.hikari.pool.HikariPool        : HikariPool-1 - Added connection org.postgresql.jdbc.PgConnection@5349afda
2024-06-08T22:23:01.470Z  INFO 1 --- [user-fusion-backend] [http-nio-0.0.0.0-80-exec-1] com.zaxxer.hikari.HikariDataSource       : HikariPool-1 - Start completed.
2024-06-08T22:23:01.492Z  INFO 1 --- [user-fusion-backend] [http-nio-0.0.0.0-80-exec-1] com.zaxxer.hikari.HikariDataSource       : HikariPool-2 - Starting...
2024-06-08T22:23:01.530Z  INFO 1 --- [user-fusion-backend] [http-nio-0.0.0.0-80-exec-1] com.zaxxer.hikari.pool.HikariPool        : HikariPool-2 - Added connection org.postgresql.jdbc.PgConnection@7dbfc48b
2024-06-08T22:23:01.531Z  INFO 1 --- [user-fusion-backend] [http-nio-0.0.0.0-80-exec-1] com.zaxxer.hikari.HikariDataSource       : HikariPool-2 - Start completed.
2024-06-08T22:23:01.534Z  INFO 1 --- [user-fusion-backend] [http-nio-0.0.0.0-80-exec-1] com.zaxxer.hikari.HikariDataSource       : HikariPool-3 - Starting...
2024-06-08T22:23:02.060Z  INFO 1 --- [user-fusion-backend] [http-nio-0.0.0.0-80-exec-1] com.zaxxer.hikari.pool.HikariPool        : HikariPool-3 - Added connection com.mysql.cj.jdbc.ConnectionImpl@2137d673
2024-06-08T22:23:02.061Z  INFO 1 --- [user-fusion-backend] [http-nio-0.0.0.0-80-exec-1] com.zaxxer.hikari.HikariDataSource       : HikariPool-3 - Start completed.
2024-06-08T22:23:02.084Z  INFO 1 --- [user-fusion-backend] [http-nio-0.0.0.0-80-exec-1] com.zaxxer.hikari.HikariDataSource       : HikariPool-4 - Starting...
2024-06-08T22:23:02.434Z  INFO 1 --- [user-fusion-backend] [http-nio-0.0.0.0-80-exec-1] com.zaxxer.hikari.pool.HikariPool        : HikariPool-4 - Added connection ConnectionID:1 ClientConnectionId: 6abf0f8d-e7bd-486a-a80a-ff8a8cd9cea1
2024-06-08T22:23:02.435Z  INFO 1 --- [user-fusion-backend] [http-nio-0.0.0.0-80-exec-1] com.zaxxer.hikari.HikariDataSource       : HikariPool-4 - Start completed.
2024-06-08T22:23:02.464Z ERROR 1 --- [user-fusion-backend] [http-nio-0.0.0.0-80-exec-1] u.i.u.core.service.impl.UserServiceImpl  : Strategy: SQLSERVER, Url: [jdbc:sqlserver://uf-sqlserver:1433;database=TestDB;user=sa;password=verYs3cret;encrypt=true;trustServerCertificate=true;]

org.springframework.jdbc.UncategorizedSQLException: StatementCallback; uncategorized SQLException for SQL [select t.id, t.usr_name, t.first_name, t.surname from users_table t]; SQL state [S0002]; error code [208]; Invalid object name 'users_table'.
	at org.springframework.jdbc.core.JdbcTemplate.translateException(JdbcTemplate.java:1549) ~[spring-jdbc-6.1.8.jar:6.1.8]
	at org.springframework.jdbc.core.JdbcTemplate.execute(JdbcTemplate.java:408) ~[spring-jdbc-6.1.8.jar:6.1.8]
	at org.springframework.jdbc.core.JdbcTemplate.query(JdbcTemplate.java:476) ~[spring-jdbc-6.1.8.jar:6.1.8]
	at org.springframework.jdbc.core.JdbcTemplate.query(JdbcTemplate.java:486) ~[spring-jdbc-6.1.8.jar:6.1.8]
	at ua.igorg.userfusion.core.service.impl.UserServiceImpl.lambda$getUsersMS$1(UserServiceImpl.java:57) ~[classes/:0.0.1-SNAPSHOT]
	at java.base/java.util.ArrayList.forEach(Unknown Source) ~[na:na]
	at ua.igorg.userfusion.core.service.impl.UserServiceImpl.getUsersMS(UserServiceImpl.java:47) ~[classes/:0.0.1-SNAPSHOT]
	at ua.igorg.userfusion.core.service.impl.UserServiceImpl.getUsers(UserServiceImpl.java:42) ~[classes/:0.0.1-SNAPSHOT]
	at ua.igorg.userfusion.api.v1.UserResource.getUsers(UserResource.java:43) ~[classes/:0.0.1-SNAPSHOT]
	at java.base/jdk.internal.reflect.NativeMethodAccessorImpl.invoke0(Native Method) ~[na:na]
	at java.base/jdk.internal.reflect.NativeMethodAccessorImpl.invoke(Unknown Source) ~[na:na]
	at java.base/jdk.internal.reflect.DelegatingMethodAccessorImpl.invoke(Unknown Source) ~[na:na]
	at java.base/java.lang.reflect.Method.invoke(Unknown Source) ~[na:na]
	at org.springframework.web.method.support.InvocableHandlerMethod.doInvoke(InvocableHandlerMethod.java:255) ~[spring-web-6.1.8.jar:6.1.8]
	at org.springframework.web.method.support.InvocableHandlerMethod.invokeForRequest(InvocableHandlerMethod.java:188) ~[spring-web-6.1.8.jar:6.1.8]
	at org.springframework.web.servlet.mvc.method.annotation.ServletInvocableHandlerMethod.invokeAndHandle(ServletInvocableHandlerMethod.java:118) ~[spring-webmvc-6.1.8.jar:6.1.8]
	at org.springframework.web.servlet.mvc.method.annotation.RequestMappingHandlerAdapter.invokeHandlerMethod(RequestMappingHandlerAdapter.java:926) ~[spring-webmvc-6.1.8.jar:6.1.8]
	at org.springframework.web.servlet.mvc.method.annotation.RequestMappingHandlerAdapter.handleInternal(RequestMappingHandlerAdapter.java:831) ~[spring-webmvc-6.1.8.jar:6.1.8]
	at org.springframework.web.servlet.mvc.method.AbstractHandlerMethodAdapter.handle(AbstractHandlerMethodAdapter.java:87) ~[spring-webmvc-6.1.8.jar:6.1.8]
	at org.springframework.web.servlet.DispatcherServlet.doDispatch(DispatcherServlet.java:1089) ~[spring-webmvc-6.1.8.jar:6.1.8]
	at org.springframework.web.servlet.DispatcherServlet.doService(DispatcherServlet.java:979) ~[spring-webmvc-6.1.8.jar:6.1.8]
	at org.springframework.web.servlet.FrameworkServlet.processRequest(FrameworkServlet.java:1014) ~[spring-webmvc-6.1.8.jar:6.1.8]
	at org.springframework.web.servlet.FrameworkServlet.doGet(FrameworkServlet.java:903) ~[spring-webmvc-6.1.8.jar:6.1.8]
	at jakarta.servlet.http.HttpServlet.service(HttpServlet.java:564) ~[tomcat-embed-core-10.1.24.jar:6.0]
	at org.springframework.web.servlet.FrameworkServlet.service(FrameworkServlet.java:885) ~[spring-webmvc-6.1.8.jar:6.1.8]
	at jakarta.servlet.http.HttpServlet.service(HttpServlet.java:658) ~[tomcat-embed-core-10.1.24.jar:6.0]
	at org.apache.catalina.core.ApplicationFilterChain.internalDoFilter(ApplicationFilterChain.java:195) ~[tomcat-embed-core-10.1.24.jar:10.1.24]
	at org.apache.catalina.core.ApplicationFilterChain.doFilter(ApplicationFilterChain.java:140) ~[tomcat-embed-core-10.1.24.jar:10.1.24]
	at org.apache.tomcat.websocket.server.WsFilter.doFilter(WsFilter.java:51) ~[tomcat-embed-websocket-10.1.24.jar:10.1.24]
	at org.apache.catalina.core.ApplicationFilterChain.internalDoFilter(ApplicationFilterChain.java:164) ~[tomcat-embed-core-10.1.24.jar:10.1.24]
	at org.apache.catalina.core.ApplicationFilterChain.doFilter(ApplicationFilterChain.java:140) ~[tomcat-embed-core-10.1.24.jar:10.1.24]
	at org.springframework.web.filter.RequestContextFilter.doFilterInternal(RequestContextFilter.java:100) ~[spring-web-6.1.8.jar:6.1.8]
	at org.springframework.web.filter.OncePerRequestFilter.doFilter(OncePerRequestFilter.java:116) ~[spring-web-6.1.8.jar:6.1.8]
	at org.apache.catalina.core.ApplicationFilterChain.internalDoFilter(ApplicationFilterChain.java:164) ~[tomcat-embed-core-10.1.24.jar:10.1.24]
	at org.apache.catalina.core.ApplicationFilterChain.doFilter(ApplicationFilterChain.java:140) ~[tomcat-embed-core-10.1.24.jar:10.1.24]
	at org.springframework.web.filter.FormContentFilter.doFilterInternal(FormContentFilter.java:93) ~[spring-web-6.1.8.jar:6.1.8]
	at org.springframework.web.filter.OncePerRequestFilter.doFilter(OncePerRequestFilter.java:116) ~[spring-web-6.1.8.jar:6.1.8]
	at org.apache.catalina.core.ApplicationFilterChain.internalDoFilter(ApplicationFilterChain.java:164) ~[tomcat-embed-core-10.1.24.jar:10.1.24]
	at org.apache.catalina.core.ApplicationFilterChain.doFilter(ApplicationFilterChain.java:140) ~[tomcat-embed-core-10.1.24.jar:10.1.24]
	at org.springframework.web.filter.CharacterEncodingFilter.doFilterInternal(CharacterEncodingFilter.java:201) ~[spring-web-6.1.8.jar:6.1.8]
	at org.springframework.web.filter.OncePerRequestFilter.doFilter(OncePerRequestFilter.java:116) ~[spring-web-6.1.8.jar:6.1.8]
	at org.apache.catalina.core.ApplicationFilterChain.internalDoFilter(ApplicationFilterChain.java:164) ~[tomcat-embed-core-10.1.24.jar:10.1.24]
	at org.apache.catalina.core.ApplicationFilterChain.doFilter(ApplicationFilterChain.java:140) ~[tomcat-embed-core-10.1.24.jar:10.1.24]
	at org.apache.catalina.core.StandardWrapperValve.invoke(StandardWrapperValve.java:167) ~[tomcat-embed-core-10.1.24.jar:10.1.24]
	at org.apache.catalina.core.StandardContextValve.invoke(StandardContextValve.java:90) ~[tomcat-embed-core-10.1.24.jar:10.1.24]
	at org.apache.catalina.authenticator.AuthenticatorBase.invoke(AuthenticatorBase.java:482) ~[tomcat-embed-core-10.1.24.jar:10.1.24]
	at org.apache.catalina.core.StandardHostValve.invoke(StandardHostValve.java:115) ~[tomcat-embed-core-10.1.24.jar:10.1.24]
	at org.apache.catalina.valves.ErrorReportValve.invoke(ErrorReportValve.java:93) ~[tomcat-embed-core-10.1.24.jar:10.1.24]
	at org.apache.catalina.core.StandardEngineValve.invoke(StandardEngineValve.java:74) ~[tomcat-embed-core-10.1.24.jar:10.1.24]
	at org.apache.catalina.connector.CoyoteAdapter.service(CoyoteAdapter.java:344) ~[tomcat-embed-core-10.1.24.jar:10.1.24]
	at org.apache.coyote.http11.Http11Processor.service(Http11Processor.java:389) ~[tomcat-embed-core-10.1.24.jar:10.1.24]
	at org.apache.coyote.AbstractProcessorLight.process(AbstractProcessorLight.java:63) ~[tomcat-embed-core-10.1.24.jar:10.1.24]
	at org.apache.coyote.AbstractProtocol$ConnectionHandler.process(AbstractProtocol.java:896) ~[tomcat-embed-core-10.1.24.jar:10.1.24]
	at org.apache.tomcat.util.net.NioEndpoint$SocketProcessor.doRun(NioEndpoint.java:1741) ~[tomcat-embed-core-10.1.24.jar:10.1.24]
	at org.apache.tomcat.util.net.SocketProcessorBase.run(SocketProcessorBase.java:52) ~[tomcat-embed-core-10.1.24.jar:10.1.24]
	at org.apache.tomcat.util.threads.ThreadPoolExecutor.runWorker(ThreadPoolExecutor.java:1190) ~[tomcat-embed-core-10.1.24.jar:10.1.24]
	at org.apache.tomcat.util.threads.ThreadPoolExecutor$Worker.run(ThreadPoolExecutor.java:659) ~[tomcat-embed-core-10.1.24.jar:10.1.24]
	at org.apache.tomcat.util.threads.TaskThread$WrappingRunnable.run(TaskThread.java:63) ~[tomcat-embed-core-10.1.24.jar:10.1.24]
	at java.base/java.lang.Thread.run(Unknown Source) ~[na:na]
Caused by: com.microsoft.sqlserver.jdbc.SQLServerException: Invalid object name 'users_table'.
	at com.microsoft.sqlserver.jdbc.SQLServerException.makeFromDatabaseError(SQLServerException.java:261) ~[mssql-jdbc-12.6.1.jre11.jar:na]
	at com.microsoft.sqlserver.jdbc.SQLServerStatement.getNextResult(SQLServerStatement.java:1752) ~[mssql-jdbc-12.6.1.jre11.jar:na]
	at com.microsoft.sqlserver.jdbc.SQLServerStatement.doExecuteStatement(SQLServerStatement.java:946) ~[mssql-jdbc-12.6.1.jre11.jar:na]
	at com.microsoft.sqlserver.jdbc.SQLServerStatement$StmtExecCmd.doExecute(SQLServerStatement.java:840) ~[mssql-jdbc-12.6.1.jre11.jar:na]
	at com.microsoft.sqlserver.jdbc.TDSCommand.execute(IOBuffer.java:7739) ~[mssql-jdbc-12.6.1.jre11.jar:na]
	at com.microsoft.sqlserver.jdbc.SQLServerConnection.executeCommand(SQLServerConnection.java:4384) ~[mssql-jdbc-12.6.1.jre11.jar:na]
	at com.microsoft.sqlserver.jdbc.SQLServerStatement.executeCommand(SQLServerStatement.java:293) ~[mssql-jdbc-12.6.1.jre11.jar:na]
	at com.microsoft.sqlserver.jdbc.SQLServerStatement.executeStatement(SQLServerStatement.java:263) ~[mssql-jdbc-12.6.1.jre11.jar:na]
	at com.microsoft.sqlserver.jdbc.SQLServerStatement.executeQuery(SQLServerStatement.java:762) ~[mssql-jdbc-12.6.1.jre11.jar:na]
	at com.zaxxer.hikari.pool.ProxyStatement.executeQuery(ProxyStatement.java:110) ~[HikariCP-5.1.0.jar:na]
	at com.zaxxer.hikari.pool.HikariProxyStatement.executeQuery(HikariProxyStatement.java) ~[HikariCP-5.1.0.jar:na]
	at org.springframework.jdbc.core.JdbcTemplate$1QueryStatementCallback.doInStatement(JdbcTemplate.java:463) ~[spring-jdbc-6.1.8.jar:6.1.8]
	at org.springframework.jdbc.core.JdbcTemplate.execute(JdbcTemplate.java:393) ~[spring-jdbc-6.1.8.jar:6.1.8]
	... 57 common frames omitted

2024-06-08T22:23:02.477Z  INFO 1 --- [user-fusion-backend] [http-nio-0.0.0.0-80-exec-1] u.i.u.core.service.impl.UserServiceImpl  : The result contains 60 rows
